# JRE version: Java(TM) SE Runtime Environment (8.0_101-b13) (build 1.8.0_101-b13)
# Java VM: Java HotSpot(TM) 64-Bit Server VM (25.101-b13 mixed mode windows-amd64 compressed oops)
Heap:
 PSYoungGen      total 618496K, used 522691K [0x00000000d5580000, 0x0000000100000000, 0x0000000100000000)
  eden space 540160K, 87% used [0x00000000d5580000,0x00000000f25b1840,0x00000000f6500000)
  from space 78336K, 60% used [0x00000000fb380000,0x00000000fe1bf510,0x0000000100000000)
  to   space 79360K, 0% used [0x00000000f6500000,0x00000000f6500000,0x00000000fb280000)
 ParOldGen       total 232448K, used 191439K [0x0000000080000000, 0x000000008e300000, 0x00000000d5580000)
  object space 232448K, 82% used [0x0000000080000000,0x000000008baf3c90,0x000000008e300000)
 Metaspace       used 120450K, capacity 127770K, committed 127912K, reserved 1159168K
  class space    used 15999K, capacity 17304K, committed 17320K, reserved 1048576K
GC Heap History (10 events):
Event: 282.509 GC heap before
{Heap before GC invocations=27 (full 5):
 PSYoungGen      total 635904K, used 635751K [0x00000000d5580000, 0x0000000100000000, 0x0000000100000000)
  eden space 605696K, 100% used [0x00000000d5580000,0x00000000fa500000,0x00000000fa500000)
  from space 30208K, 99% used [0x00000000fa500000,0x00000000fc259d30,0x00000000fc280000)
  to   space 47616K, 0% used [0x00000000fd180000,0x00000000fd180000,0x0000000100000000)
 ParOldGen       total 232448K, used 114393K [0x0000000080000000, 0x000000008e300000, 0x00000000d5580000)
  object space 232448K, 49% used [0x0000000080000000,0x0000000086fb65b8,0x000000008e300000)
 Metaspace       used 95520K, capacity 100012K, committed 101416K, reserved 1136640K
  class space    used 12825K, capacity 13639K, committed 14120K, reserved 1048576K
Event: 282.571 GC heap after
Heap after GC invocations=27 (full 5):
 PSYoungGen      total 652800K, used 15673K [0x00000000d5580000, 0x0000000100000000, 0x0000000100000000)
  eden space 605184K, 0% used [0x00000000d5580000,0x00000000d5580000,0x00000000fa480000)
  from space 47616K, 32% used [0x00000000fd180000,0x00000000fe0ce5c0,0x0000000100000000)
  to   space 46080K, 0% used [0x00000000fa480000,0x00000000fa480000,0x00000000fd180000)
 ParOldGen       total 232448K, used 119129K [0x0000000080000000, 0x000000008e300000, 0x00000000d5580000)
  object space 232448K, 51% used [0x0000000080000000,0x0000000087456470,0x000000008e300000)
 Metaspace       used 95520K, capacity 100012K, committed 101416K, reserved 1136640K
  class space    used 12825K, capacity 13639K, committed 14120K, reserved 1048576K
}
Event: 287.294 GC heap before
{Heap before GC invocations=28 (full 5):
 PSYoungGen      total 652800K, used 620857K [0x00000000d5580000, 0x0000000100000000, 0x0000000100000000)
  eden space 605184K, 100% used [0x00000000d5580000,0x00000000fa480000,0x00000000fa480000)
  from space 47616K, 32% used [0x00000000fd180000,0x00000000fe0ce5c0,0x0000000100000000)
  to   space 46080K, 0% used [0x00000000fa480000,0x00000000fa480000,0x00000000fd180000)
 ParOldGen       total 232448K, used 119129K [0x0000000080000000, 0x000000008e300000, 0x00000000d5580000)
  object space 232448K, 51% used [0x0000000080000000,0x0000000087456470,0x000000008e300000)
 Metaspace       used 96188K, capacity 100832K, committed 102184K, reserved 1136640K
  class space    used 12887K, capacity 13699K, committed 14120K, reserved 1048576K
Event: 287.542 GC heap after
Heap after GC invocations=28 (full 5):
 PSYoungGen      total 651264K, used 46079K [0x00000000d5580000, 0x0000000100000000, 0x0000000100000000)
  eden space 605184K, 0% used [0x00000000d5580000,0x00000000d5580000,0x00000000fa480000)
  from space 46080K, 99% used [0x00000000fa480000,0x00000000fd17fd90,0x00000000fd180000)
  to   space 47616K, 0% used [0x00000000fd180000,0x00000000fd180000,0x0000000100000000)
 ParOldGen       total 232448K, used 169578K [0x0000000080000000, 0x000000008e300000, 0x00000000d5580000)
  object space 232448K, 72% used [0x0000000080000000,0x000000008a59a968,0x000000008e300000)
 Metaspace       used 96188K, capacity 100832K, committed 102184K, reserved 1136640K
  class space    used 12887K, capacity 13699K, committed 14120K, reserved 1048576K
}
Event: 352.205 GC heap before
{Heap before GC invocations=29 (full 5):
 PSYoungGen      total 651264K, used 651263K [0x00000000d5580000, 0x0000000100000000, 0x0000000100000000)
  eden space 605184K, 100% used [0x00000000d5580000,0x00000000fa480000,0x00000000fa480000)
  from space 46080K, 99% used [0x00000000fa480000,0x00000000fd17fd90,0x00000000fd180000)
  to   space 47616K, 0% used [0x00000000fd180000,0x00000000fd180000,0x0000000100000000)
 ParOldGen       total 232448K, used 169578K [0x0000000080000000, 0x000000008e300000, 0x00000000d5580000)
  object space 232448K, 72% used [0x0000000080000000,0x000000008a59a968,0x000000008e300000)
 Metaspace       used 104271K, capacity 109340K, committed 109992K, reserved 1144832K
  class space    used 13895K, capacity 14784K, committed 15016K, reserved 1048576K
Event: 352.349 GC heap after
Heap after GC invocations=29 (full 5):
 PSYoungGen      total 585728K, used 47597K [0x00000000d5580000, 0x0000000100000000, 0x0000000100000000)
  eden space 538112K, 0% used [0x00000000d5580000,0x00000000d5580000,0x00000000f6300000)
  from space 47616K, 99% used [0x00000000fd180000,0x00000000ffffb5d0,0x0000000100000000)
  to   space 80384K, 0% used [0x00000000f6300000,0x00000000f6300000,0x00000000fb180000)
 ParOldGen       total 232448K, used 186133K [0x0000000080000000, 0x000000008e300000, 0x00000000d5580000)
  object space 232448K, 80% used [0x0000000080000000,0x000000008b5c5488,0x000000008e300000)
 Metaspace       used 104271K, capacity 109340K, committed 109992K, reserved 1144832K
  class space    used 13895K, capacity 14784K, committed 15016K, reserved 1048576K
}
Event: 1723.529 GC heap before
{Heap before GC invocations=30 (full 5):
 PSYoungGen      total 585728K, used 585709K [0x00000000d5580000, 0x0000000100000000, 0x0000000100000000)
  eden space 538112K, 100% used [0x00000000d5580000,0x00000000f6300000,0x00000000f6300000)
  from space 47616K, 99% used [0x00000000fd180000,0x00000000ffffb5d0,0x0000000100000000)
  to   space 80384K, 0% used [0x00000000f6300000,0x00000000f6300000,0x00000000fb180000)
 ParOldGen       total 232448K, used 186133K [0x0000000080000000, 0x000000008e300000, 0x00000000d5580000)
  object space 232448K, 80% used [0x0000000080000000,0x000000008b5c5488,0x000000008e300000)
 Metaspace       used 105230K, capacity 110640K, committed 111016K, reserved 1144832K
  class space    used 13945K, capacity 14884K, committed 15016K, reserved 1048576K
Event: 1723.639 GC heap after
Heap after GC invocations=30 (full 5):
 PSYoungGen      total 618496K, used 39826K [0x00000000d5580000, 0x0000000100000000, 0x0000000100000000)
  eden space 538112K, 0% used [0x00000000d5580000,0x00000000d5580000,0x00000000f6300000)
  from space 80384K, 49% used [0x00000000f6300000,0x00000000f89e4a80,0x00000000fb180000)
  to   space 78336K, 0% used [0x00000000fb380000,0x00000000fb380000,0x0000000100000000)
 ParOldGen       total 232448K, used 191431K [0x0000000080000000, 0x000000008e300000, 0x00000000d5580000)
  object space 232448K, 82% used [0x0000000080000000,0x000000008baf1c90,0x000000008e300000)
 Metaspace       used 105230K, capacity 110640K, committed 111016K, reserved 1144832K
  class space    used 13945K, capacity 14884K, committed 15016K, reserved 1048576K
}
Event: 1892.620 GC heap before
{Heap before GC invocations=31 (full 5):
 PSYoungGen      total 618496K, used 577938K [0x00000000d5580000, 0x0000000100000000, 0x0000000100000000)
  eden space 538112K, 100% used [0x00000000d5580000,0x00000000f6300000,0x00000000f6300000)
  from space 80384K, 49% used [0x00000000f6300000,0x00000000f89e4a80,0x00000000fb180000)
  to   space 78336K, 0% used [0x00000000fb380000,0x00000000fb380000,0x0000000100000000)
 ParOldGen       total 232448K, used 191431K [0x0000000080000000, 0x000000008e300000, 0x00000000d5580000)
  object space 232448K, 82% used [0x0000000080000000,0x000000008baf1c90,0x000000008e300000)
 Metaspace       used 106444K, capacity 112038K, committed 112424K, reserved 1146880K
  class space    used 14028K, capacity 15003K, committed 15144K, reserved 1048576K
Event: 1892.774 GC heap after
Heap after GC invocations=31 (full 5):
 PSYoungGen      total 618496K, used 47357K [0x00000000d5580000, 0x0000000100000000, 0x0000000100000000)
  eden space 540160K, 0% used [0x00000000d5580000,0x00000000d5580000,0x00000000f6500000)
  from space 78336K, 60% used [0x00000000fb380000,0x00000000fe1bf510,0x0000000100000000)
  to   space 79360K, 0% used [0x00000000f6500000,0x00000000f6500000,0x00000000fb280000)
 ParOldGen       total 232448K, used 191439K [0x0000000080000000, 0x000000008e300000, 0x00000000d5580000)
  object space 232448K, 82% used [0x0000000080000000,0x000000008baf3c90,0x000000008e300000)
 Metaspace       used 106444K, capacity 112038K, committed 112424K, reserved 1146880K
  class space    used 14028K, capacity 15003K, committed 15144K, reserved 1048576K
}

