# JRE version: Java(TM) SE Runtime Environment (8.0_101-b13) (build 1.8.0_101-b13)
# Java VM: Java HotSpot(TM) 64-Bit Server VM (25.101-b13 mixed mode windows-amd64 compressed oops)
Heap:
 PSYoungGen      total 138240K, used 103877K [0x00000000d5580000, 0x00000000de180000, 0x0000000100000000)
  eden space 133120K, 78% used [0x00000000d5580000,0x00000000dbaf1490,0x00000000dd780000)
  from space 5120K, 0% used [0x00000000ddc80000,0x00000000ddc80000,0x00000000de180000)
  to   space 5120K, 0% used [0x00000000dd780000,0x00000000dd780000,0x00000000ddc80000)
 ParOldGen       total 74752K, used 52242K [0x0000000080000000, 0x0000000084900000, 0x00000000d5580000)
  object space 74752K, 69% used [0x0000000080000000,0x0000000083304a38,0x0000000084900000)
 Metaspace       used 71226K, capacity 74202K, committed 74240K, reserved 1114112K
  class space    used 9908K, capacity 10466K, committed 10496K, reserved 1048576K
GC Heap History (10 events):
Event: 22.586 GC heap before
{Heap before GC invocations=12 (full 2):
 PSYoungGen      total 138240K, used 84815K [0x00000000d5580000, 0x00000000de180000, 0x0000000100000000)
  eden space 133120K, 59% used [0x00000000d5580000,0x00000000da357dd8,0x00000000dd780000)
  from space 5120K, 99% used [0x00000000dd780000,0x00000000ddc7c040,0x00000000ddc80000)
  to   space 5120K, 0% used [0x00000000ddc80000,0x00000000ddc80000,0x00000000de180000)
 ParOldGen       total 74752K, used 34698K [0x0000000080000000, 0x0000000084900000, 0x00000000d5580000)
  object space 74752K, 46% used [0x0000000080000000,0x00000000821e28c0,0x0000000084900000)
 Metaspace       used 56854K, capacity 59086K, committed 59160K, reserved 1099776K
  class space    used 7864K, capacity 8306K, committed 8320K, reserved 1048576K
Event: 22.614 GC heap after
Heap after GC invocations=12 (full 2):
 PSYoungGen      total 138240K, used 5120K [0x00000000d5580000, 0x00000000de180000, 0x0000000100000000)
  eden space 133120K, 0% used [0x00000000d5580000,0x00000000d5580000,0x00000000dd780000)
  from space 5120K, 100% used [0x00000000ddc80000,0x00000000de180000,0x00000000de180000)
  to   space 5120K, 0% used [0x00000000dd780000,0x00000000dd780000,0x00000000ddc80000)
 ParOldGen       total 74752K, used 44244K [0x0000000080000000, 0x0000000084900000, 0x00000000d5580000)
  object space 74752K, 59% used [0x0000000080000000,0x0000000082b35098,0x0000000084900000)
 Metaspace       used 56854K, capacity 59086K, committed 59160K, reserved 1099776K
  class space    used 7864K, capacity 8306K, committed 8320K, reserved 1048576K
}
Event: 22.614 GC heap before
{Heap before GC invocations=13 (full 3):
 PSYoungGen      total 138240K, used 5120K [0x00000000d5580000, 0x00000000de180000, 0x0000000100000000)
  eden space 133120K, 0% used [0x00000000d5580000,0x00000000d5580000,0x00000000dd780000)
  from space 5120K, 100% used [0x00000000ddc80000,0x00000000de180000,0x00000000de180000)
  to   space 5120K, 0% used [0x00000000dd780000,0x00000000dd780000,0x00000000ddc80000)
 ParOldGen       total 74752K, used 44244K [0x0000000080000000, 0x0000000084900000, 0x00000000d5580000)
  object space 74752K, 59% used [0x0000000080000000,0x0000000082b35098,0x0000000084900000)
 Metaspace       used 56854K, capacity 59086K, committed 59160K, reserved 1099776K
  class space    used 7864K, capacity 8306K, committed 8320K, reserved 1048576K
Event: 23.067 GC heap after
Heap after GC invocations=13 (full 3):
 PSYoungGen      total 138240K, used 0K [0x00000000d5580000, 0x00000000de180000, 0x0000000100000000)
  eden space 133120K, 0% used [0x00000000d5580000,0x00000000d5580000,0x00000000dd780000)
  from space 5120K, 0% used [0x00000000ddc80000,0x00000000ddc80000,0x00000000de180000)
  to   space 5120K, 0% used [0x00000000dd780000,0x00000000dd780000,0x00000000ddc80000)
 ParOldGen       total 74752K, used 43541K [0x0000000080000000, 0x0000000084900000, 0x00000000d5580000)
  object space 74752K, 58% used [0x0000000080000000,0x0000000082a85568,0x0000000084900000)
 Metaspace       used 56843K, capacity 59050K, committed 59160K, reserved 1099776K
  class space    used 7861K, capacity 8300K, committed 8320K, reserved 1048576K
}
Event: 27.146 GC heap before
{Heap before GC invocations=14 (full 3):
 PSYoungGen      total 138240K, used 133120K [0x00000000d5580000, 0x00000000de180000, 0x0000000100000000)
  eden space 133120K, 100% used [0x00000000d5580000,0x00000000dd780000,0x00000000dd780000)
  from space 5120K, 0% used [0x00000000ddc80000,0x00000000ddc80000,0x00000000de180000)
  to   space 5120K, 0% used [0x00000000dd780000,0x00000000dd780000,0x00000000ddc80000)
 ParOldGen       total 74752K, used 43541K [0x0000000080000000, 0x0000000084900000, 0x00000000d5580000)
  object space 74752K, 58% used [0x0000000080000000,0x0000000082a85568,0x0000000084900000)
 Metaspace       used 65411K, capacity 68088K, committed 68352K, reserved 1107968K
  class space    used 9200K, capacity 9703K, committed 9728K, reserved 1048576K
Event: 27.169 GC heap after
Heap after GC invocations=14 (full 3):
 PSYoungGen      total 138240K, used 5097K [0x00000000d5580000, 0x00000000de180000, 0x0000000100000000)
  eden space 133120K, 0% used [0x00000000d5580000,0x00000000d5580000,0x00000000dd780000)
  from space 5120K, 99% used [0x00000000dd780000,0x00000000ddc7a4b0,0x00000000ddc80000)
  to   space 5120K, 0% used [0x00000000ddc80000,0x00000000ddc80000,0x00000000de180000)
 ParOldGen       total 74752K, used 52356K [0x0000000080000000, 0x0000000084900000, 0x00000000d5580000)
  object space 74752K, 70% used [0x0000000080000000,0x00000000833212f0,0x0000000084900000)
 Metaspace       used 65411K, capacity 68088K, committed 68352K, reserved 1107968K
  class space    used 9200K, capacity 9703K, committed 9728K, reserved 1048576K
}
Event: 30.349 GC heap before
{Heap before GC invocations=15 (full 3):
 PSYoungGen      total 138240K, used 138217K [0x00000000d5580000, 0x00000000de180000, 0x0000000100000000)
  eden space 133120K, 100% used [0x00000000d5580000,0x00000000dd780000,0x00000000dd780000)
  from space 5120K, 99% used [0x00000000dd780000,0x00000000ddc7a4b0,0x00000000ddc80000)
  to   space 5120K, 0% used [0x00000000ddc80000,0x00000000ddc80000,0x00000000de180000)
 ParOldGen       total 74752K, used 52356K [0x0000000080000000, 0x0000000084900000, 0x00000000d5580000)
  object space 74752K, 70% used [0x0000000080000000,0x00000000833212f0,0x0000000084900000)
 Metaspace       used 66946K, capacity 69932K, committed 70144K, reserved 1110016K
  class space    used 9346K, capacity 9923K, committed 9984K, reserved 1048576K
Event: 30.391 GC heap after
Heap after GC invocations=15 (full 3):
 PSYoungGen      total 138240K, used 5120K [0x00000000d5580000, 0x00000000de180000, 0x0000000100000000)
  eden space 133120K, 0% used [0x00000000d5580000,0x00000000d5580000,0x00000000dd780000)
  from space 5120K, 100% used [0x00000000ddc80000,0x00000000de180000,0x00000000de180000)
  to   space 5120K, 0% used [0x00000000dd780000,0x00000000dd780000,0x00000000ddc80000)
 ParOldGen       total 74752K, used 61636K [0x0000000080000000, 0x0000000084900000, 0x00000000d5580000)
  object space 74752K, 82% used [0x0000000080000000,0x0000000083c313e0,0x0000000084900000)
 Metaspace       used 66946K, capacity 69932K, committed 70144K, reserved 1110016K
  class space    used 9346K, capacity 9923K, committed 9984K, reserved 1048576K
}
Event: 30.391 GC heap before
{Heap before GC invocations=16 (full 4):
 PSYoungGen      total 138240K, used 5120K [0x00000000d5580000, 0x00000000de180000, 0x0000000100000000)
  eden space 133120K, 0% used [0x00000000d5580000,0x00000000d5580000,0x00000000dd780000)
  from space 5120K, 100% used [0x00000000ddc80000,0x00000000de180000,0x00000000de180000)
  to   space 5120K, 0% used [0x00000000dd780000,0x00000000dd780000,0x00000000ddc80000)
 ParOldGen       total 74752K, used 61636K [0x0000000080000000, 0x0000000084900000, 0x00000000d5580000)
  object space 74752K, 82% used [0x0000000080000000,0x0000000083c313e0,0x0000000084900000)
 Metaspace       used 66946K, capacity 69932K, committed 70144K, reserved 1110016K
  class space    used 9346K, capacity 9923K, committed 9984K, reserved 1048576K
Event: 30.699 GC heap after
Heap after GC invocations=16 (full 4):
 PSYoungGen      total 138240K, used 0K [0x00000000d5580000, 0x00000000de180000, 0x0000000100000000)
  eden space 133120K, 0% used [0x00000000d5580000,0x00000000d5580000,0x00000000dd780000)
  from space 5120K, 0% used [0x00000000ddc80000,0x00000000ddc80000,0x00000000de180000)
  to   space 5120K, 0% used [0x00000000dd780000,0x00000000dd780000,0x00000000ddc80000)
 ParOldGen       total 74752K, used 52242K [0x0000000080000000, 0x0000000084900000, 0x00000000d5580000)
  object space 74752K, 69% used [0x0000000080000000,0x0000000083304a38,0x0000000084900000)
 Metaspace       used 66898K, capacity 69790K, committed 70144K, reserved 1110016K
  class space    used 9330K, capacity 9896K, committed 9984K, reserved 1048576K
}

