# JRE version: Java(TM) SE Runtime Environment (8.0_101-b13) (build 1.8.0_101-b13)
# Java VM: Java HotSpot(TM) 64-Bit Server VM (25.101-b13 mixed mode windows-amd64 compressed oops)
Heap:
 PSYoungGen      total 118784K, used 99108K [0x00000000d5580000, 0x00000000e0600000, 0x0000000100000000)
  eden space 107008K, 92% used [0x00000000d5580000,0x00000000db649328,0x00000000dbe00000)
  from space 11776K, 0% used [0x00000000dbe00000,0x00000000dbe00000,0x00000000dc980000)
  to   space 12288K, 0% used [0x00000000dfa00000,0x00000000dfa00000,0x00000000e0600000)
 ParOldGen       total 57856K, used 15247K [0x0000000080000000, 0x0000000083880000, 0x00000000d5580000)
  object space 57856K, 26% used [0x0000000080000000,0x0000000080ee3c58,0x0000000083880000)
 Metaspace       used 36955K, capacity 38498K, committed 38656K, reserved 1083392K
  class space    used 5206K, capacity 5522K, committed 5632K, reserved 1048576K
GC Heap History (10 events):
Event: 5.085 GC heap before
{Heap before GC invocations=7 (full 1):
 PSYoungGen      total 76288K, used 8386K [0x00000000d5580000, 0x00000000dab80000, 0x0000000100000000)
  eden space 66048K, 0% used [0x00000000d5580000,0x00000000d5580000,0x00000000d9600000)
  from space 10240K, 81% used [0x00000000da080000,0x00000000da8b0b78,0x00000000daa80000)
  to   space 10752K, 0% used [0x00000000d9600000,0x00000000d9600000,0x00000000da080000)
 ParOldGen       total 87552K, used 6721K [0x0000000080000000, 0x0000000085580000, 0x00000000d5580000)
  object space 87552K, 7% used [0x0000000080000000,0x00000000806905f0,0x0000000085580000)
 Metaspace       used 20546K, capacity 21232K, committed 21296K, reserved 1067008K
  class space    used 2948K, capacity 3142K, committed 3200K, reserved 1048576K
Event: 5.133 GC heap after
Heap after GC invocations=7 (full 1):
 PSYoungGen      total 76288K, used 0K [0x00000000d5580000, 0x00000000dab80000, 0x0000000100000000)
  eden space 66048K, 0% used [0x00000000d5580000,0x00000000d5580000,0x00000000d9600000)
  from space 10240K, 0% used [0x00000000da080000,0x00000000da080000,0x00000000daa80000)
  to   space 10752K, 0% used [0x00000000d9600000,0x00000000d9600000,0x00000000da080000)
 ParOldGen       total 57856K, used 8961K [0x0000000080000000, 0x0000000083880000, 0x00000000d5580000)
  object space 57856K, 15% used [0x0000000080000000,0x00000000808c05d8,0x0000000083880000)
 Metaspace       used 20546K, capacity 21232K, committed 21296K, reserved 1067008K
  class space    used 2948K, capacity 3142K, committed 3200K, reserved 1048576K
}
Event: 6.382 GC heap before
{Heap before GC invocations=8 (full 1):
 PSYoungGen      total 76288K, used 66048K [0x00000000d5580000, 0x00000000dab80000, 0x0000000100000000)
  eden space 66048K, 100% used [0x00000000d5580000,0x00000000d9600000,0x00000000d9600000)
  from space 10240K, 0% used [0x00000000da080000,0x00000000da080000,0x00000000daa80000)
  to   space 10752K, 0% used [0x00000000d9600000,0x00000000d9600000,0x00000000da080000)
 ParOldGen       total 57856K, used 8961K [0x0000000080000000, 0x0000000083880000, 0x00000000d5580000)
  object space 57856K, 15% used [0x0000000080000000,0x00000000808c05d8,0x0000000083880000)
 Metaspace       used 28696K, capacity 29584K, committed 29696K, reserved 1075200K
  class space    used 4072K, capacity 4320K, committed 4352K, reserved 1048576K
Event: 6.395 GC heap after
Heap after GC invocations=8 (full 1):
 PSYoungGen      total 76800K, used 8468K [0x00000000d5580000, 0x00000000dd480000, 0x0000000100000000)
  eden space 66048K, 0% used [0x00000000d5580000,0x00000000d5580000,0x00000000d9600000)
  from space 10752K, 78% used [0x00000000d9600000,0x00000000d9e45348,0x00000000da080000)
  to   space 11264K, 0% used [0x00000000dc980000,0x00000000dc980000,0x00000000dd480000)
 ParOldGen       total 57856K, used 8969K [0x0000000080000000, 0x0000000083880000, 0x00000000d5580000)
  object space 57856K, 15% used [0x0000000080000000,0x00000000808c25d8,0x0000000083880000)
 Metaspace       used 28696K, capacity 29584K, committed 29696K, reserved 1075200K
  class space    used 4072K, capacity 4320K, committed 4352K, reserved 1048576K
}
Event: 7.152 GC heap before
{Heap before GC invocations=9 (full 1):
 PSYoungGen      total 76800K, used 74516K [0x00000000d5580000, 0x00000000dd480000, 0x0000000100000000)
  eden space 66048K, 100% used [0x00000000d5580000,0x00000000d9600000,0x00000000d9600000)
  from space 10752K, 78% used [0x00000000d9600000,0x00000000d9e45348,0x00000000da080000)
  to   space 11264K, 0% used [0x00000000dc980000,0x00000000dc980000,0x00000000dd480000)
 ParOldGen       total 57856K, used 8969K [0x0000000080000000, 0x0000000083880000, 0x00000000d5580000)
  object space 57856K, 15% used [0x0000000080000000,0x00000000808c25d8,0x0000000083880000)
 Metaspace       used 32778K, capacity 33810K, committed 34048K, reserved 1079296K
  class space    used 4582K, capacity 4817K, committed 4864K, reserved 1048576K
Event: 7.178 GC heap after
Heap after GC invocations=9 (full 1):
 PSYoungGen      total 118272K, used 9525K [0x00000000d5580000, 0x00000000dd900000, 0x0000000100000000)
  eden space 107008K, 0% used [0x00000000d5580000,0x00000000d5580000,0x00000000dbe00000)
  from space 11264K, 84% used [0x00000000dc980000,0x00000000dd2cd6c8,0x00000000dd480000)
  to   space 11776K, 0% used [0x00000000dbe00000,0x00000000dbe00000,0x00000000dc980000)
 ParOldGen       total 57856K, used 8977K [0x0000000080000000, 0x0000000083880000, 0x00000000d5580000)
  object space 57856K, 15% used [0x0000000080000000,0x00000000808c45d8,0x0000000083880000)
 Metaspace       used 32778K, capacity 33810K, committed 34048K, reserved 1079296K
  class space    used 4582K, capacity 4817K, committed 4864K, reserved 1048576K
}
Event: 7.571 GC heap before
{Heap before GC invocations=10 (full 1):
 PSYoungGen      total 118272K, used 42665K [0x00000000d5580000, 0x00000000dd900000, 0x0000000100000000)
  eden space 107008K, 30% used [0x00000000d5580000,0x00000000d75dce90,0x00000000dbe00000)
  from space 11264K, 84% used [0x00000000dc980000,0x00000000dd2cd6c8,0x00000000dd480000)
  to   space 11776K, 0% used [0x00000000dbe00000,0x00000000dbe00000,0x00000000dc980000)
 ParOldGen       total 57856K, used 8977K [0x0000000080000000, 0x0000000083880000, 0x00000000d5580000)
  object space 57856K, 15% used [0x0000000080000000,0x00000000808c45d8,0x0000000083880000)
 Metaspace       used 34317K, capacity 35422K, committed 35496K, reserved 1079296K
  class space    used 4830K, capacity 5068K, committed 5120K, reserved 1048576K
Event: 7.595 GC heap after
Heap after GC invocations=10 (full 1):
 PSYoungGen      total 118784K, used 8747K [0x00000000d5580000, 0x00000000e0600000, 0x0000000100000000)
  eden space 107008K, 0% used [0x00000000d5580000,0x00000000d5580000,0x00000000dbe00000)
  from space 11776K, 74% used [0x00000000dbe00000,0x00000000dc68ad98,0x00000000dc980000)
  to   space 12288K, 0% used [0x00000000dfa00000,0x00000000dfa00000,0x00000000e0600000)
 ParOldGen       total 57856K, used 8985K [0x0000000080000000, 0x0000000083880000, 0x00000000d5580000)
  object space 57856K, 15% used [0x0000000080000000,0x00000000808c65d8,0x0000000083880000)
 Metaspace       used 34317K, capacity 35422K, committed 35496K, reserved 1079296K
  class space    used 4830K, capacity 5068K, committed 5120K, reserved 1048576K
}
Event: 7.595 GC heap before
{Heap before GC invocations=11 (full 2):
 PSYoungGen      total 118784K, used 8747K [0x00000000d5580000, 0x00000000e0600000, 0x0000000100000000)
  eden space 107008K, 0% used [0x00000000d5580000,0x00000000d5580000,0x00000000dbe00000)
  from space 11776K, 74% used [0x00000000dbe00000,0x00000000dc68ad98,0x00000000dc980000)
  to   space 12288K, 0% used [0x00000000dfa00000,0x00000000dfa00000,0x00000000e0600000)
 ParOldGen       total 57856K, used 8985K [0x0000000080000000, 0x0000000083880000, 0x00000000d5580000)
  object space 57856K, 15% used [0x0000000080000000,0x00000000808c65d8,0x0000000083880000)
 Metaspace       used 34317K, capacity 35422K, committed 35496K, reserved 1079296K
  class space    used 4830K, capacity 5068K, committed 5120K, reserved 1048576K
Event: 7.700 GC heap after
Heap after GC invocations=11 (full 2):
 PSYoungGen      total 118784K, used 0K [0x00000000d5580000, 0x00000000e0600000, 0x0000000100000000)
  eden space 107008K, 0% used [0x00000000d5580000,0x00000000d5580000,0x00000000dbe00000)
  from space 11776K, 0% used [0x00000000dbe00000,0x00000000dbe00000,0x00000000dc980000)
  to   space 12288K, 0% used [0x00000000dfa00000,0x00000000dfa00000,0x00000000e0600000)
 ParOldGen       total 57856K, used 15247K [0x0000000080000000, 0x0000000083880000, 0x00000000d5580000)
  object space 57856K, 26% used [0x0000000080000000,0x0000000080ee3c58,0x0000000083880000)
 Metaspace       used 34317K, capacity 35422K, committed 35496K, reserved 1079296K
  class space    used 4830K, capacity 5068K, committed 5120K, reserved 1048576K
}

